<?xml version="1.0" encoding="UTF-8"?>
<!-- Generated by org.testng.reporters.JUnitReportReporter -->
<testsuite hostname="Soham" failures="0" tests="2" name="testng.BeforeClassAfterClass" time="0.007" errors="0" timestamp="2025-01-29T21:56:12 IST" skipped="0">
  <testcase classname="testng.BeforeClassAfterClass" name="search" time="0.006"/>
  <testcase classname="testng.BeforeClassAfterClass" name="advancedSearch" time="0.001"/>
</testsuite> <!-- testng.BeforeClassAfterClass -->
