<?xml version="1.0" encoding="UTF-8"?>
<!-- Generated by org.testng.reporters.JUnitReportReporter -->
<testsuite hostname="Soham" failures="0" tests="1" name="page_object_model.TestClass" time="6.405" errors="0" timestamp="2025-02-08T01:39:24 IST" skipped="0">
  <testcase classname="page_object_model.TestClass" name="testCase" time="6.405"/>
</testsuite> <!-- page_object_model.TestClass -->
