<?xml version="1.0" encoding="UTF-8"?>
<!-- Generated by org.testng.reporters.JUnitReportReporter -->
<testsuite hostname="Soham" failures="0" tests="3" name="datadriventesting.LoginTest" time="27.913" errors="0" timestamp="2025-02-05T11:51:50 IST" skipped="0">
  <testcase classname="datadriventesting.LoginTest" name="testLogin" time="8.126"/>
  <testcase classname="datadriventesting.LoginTest" name="testLogin" time="7.735"/>
  <testcase classname="datadriventesting.LoginTest" name="testLogin" time="12.052"/>
</testsuite> <!-- datadriventesting.LoginTest -->
