<?xml version="1.0" encoding="UTF-8"?>
<!-- Generated by org.testng.reporters.JUnitReportReporter -->
<testsuite hostname="Soham" failures="0" tests="1" name="demo.SubmitInquiry_TestNG" time="13.136" errors="0" timestamp="2025-01-29T18:02:52 IST" skipped="0">
  <testcase classname="demo.SubmitInquiry_TestNG" name="submitInquiry_TestNG" time="13.136"/>
</testsuite> <!-- demo.SubmitInquiry_TestNG -->
