<?xml version="1.0" encoding="UTF-8"?>
<!-- Generated by org.testng.reporters.JUnitReportReporter -->
<testsuite hostname="Soham" failures="0" tests="2" name="testng.TestngAnnotation" time="0.015" errors="0" timestamp="2025-01-29T21:52:06 IST" skipped="0">
  <testcase classname="testng.TestngAnnotation" name="search" time="0.006"/>
  <testcase classname="testng.TestngAnnotation" name="advancedSearch" time="0.009"/>
</testsuite> <!-- testng.TestngAnnotation -->
