<?xml version="1.0" encoding="UTF-8"?>
<!-- Generated by org.testng.reporters.JUnitReportReporter -->
<testsuite hostname="Soham" failures="0" tests="3" name="datadriventesting.LoginTestUsingEXCEL" time="23.408" errors="0" timestamp="2025-02-05T17:29:38 IST" skipped="0">
  <testcase classname="datadriventesting.LoginTestUsingEXCEL" name="loginTest" time="6.967"/>
  <testcase classname="datadriventesting.LoginTestUsingEXCEL" name="loginTest" time="6.732"/>
  <testcase classname="datadriventesting.LoginTestUsingEXCEL" name="loginTest" time="9.709"/>
</testsuite> <!-- datadriventesting.LoginTestUsingEXCEL -->
