<?xml version="1.0" encoding="UTF-8"?>
<!-- Generated by org.testng.reporters.JUnitReportReporter -->
<testsuite hostname="Soham" failures="0" tests="2" name="testng.Login2" time="0.005" errors="0" timestamp="2025-02-04T21:50:50 IST" skipped="0">
  <testcase classname="testng.Login2" name="search" time="0.004"/>
  <testcase classname="testng.Login2" name="signup" time="0.001"/>
</testsuite> <!-- testng.Login2 -->
