<?xml version="1.0" encoding="UTF-8"?>
<!-- Generated by org.testng.reporters.JUnitReportReporter -->
<testsuite hostname="Soham" failures="0" tests="2" name="testng.Paramerazation" time="0.006" errors="0" timestamp="2025-02-05T08:48:12 IST" skipped="0">
  <testcase classname="testng.Paramerazation" name="search" time="0.005"/>
  <testcase classname="testng.Paramerazation" name="signup" time="0.001"/>
</testsuite> <!-- testng.Paramerazation -->
