<?xml version="1.0" encoding="UTF-8"?>
<!-- Generated by org.testng.reporters.JUnitReportReporter -->
<testsuite hostname="Soham" failures="0" tests="2" name="testng.Test1" time="0.002" errors="0" timestamp="2025-02-04T18:27:32 IST" skipped="0">
  <testcase classname="testng.Test1" name="viewProfile" time="0.001"/>
  <testcase classname="testng.Test1" name="editPRofile" time="0.001"/>
</testsuite> <!-- testng.Test1 -->
