<?xml version="1.0" encoding="UTF-8"?>
<!-- Generated by org.testng.reporters.JUnitReportReporter -->
<testsuite hostname="Soham" failures="0" tests="1" name="testng.Login_Multiple_Grouping" time="0.008" errors="0" timestamp="2025-02-04T21:34:34 IST" skipped="0">
  <testcase classname="testng.Login_Multiple_Grouping" name="search" time="0.008"/>
</testsuite> <!-- testng.Login_Multiple_Grouping -->
