<?xml version="1.0" encoding="UTF-8"?>
<!-- Generated by org.testng.reporters.JUnitReportReporter -->
<testsuite hostname="Soham" failures="0" tests="2" name="testng.Login" time="0.009" errors="0" timestamp="2025-02-04T21:33:31 IST" skipped="0">
  <testcase classname="testng.Login" name="signup" time="0.001"/>
  <testcase classname="testng.Login" name="search" time="0.008"/>
</testsuite> <!-- testng.Login -->
