<?xml version="1.0" encoding="UTF-8"?>
<!-- Generated by org.testng.reporters.JUnitReportReporter -->
<testsuite hostname="Soham" failures="0" tests="1" name="externalize_data.PropertiesExample" time="4.889" errors="0" timestamp="2025-02-07T16:11:11 IST" skipped="0">
  <testcase classname="externalize_data.PropertiesExample" name="loginTest" time="4.889"/>
</testsuite> <!-- externalize_data.PropertiesExample -->
