<?xml version="1.0" encoding="UTF-8"?>
<!-- Generated by org.testng.reporters.JUnitReportReporter -->
<testsuite hostname="Soham" failures="1" tests="9" name="testcases.CartTest" time="10.445" errors="0" timestamp="2025-03-01T16:08:03 IST" skipped="8">
  <testcase classname="testcases.CartTest" name="verifyCartAfterRemovingProduct" time="10.445">
    <failure message="Cart count not updated expected [6] but found [4]" type="java.lang.AssertionError">
      <![CDATA[java.lang.AssertionError: Cart count not updated expected [6] but found [4]
at org.testng.Assert.fail(Assert.java:110)
at org.testng.Assert.failNotEquals(Assert.java:1577)
at org.testng.Assert.assertEqualsImpl(Assert.java:149)
at org.testng.Assert.assertEquals(Assert.java:131)
at org.testng.Assert.assertEquals(Assert.java:655)
at testcases.CartTest.verifyCartAfterRemovingProduct(CartTest.java:122)
at java.base/jdk.internal.reflect.NativeMethodAccessorImpl.invoke0(Native Method)
at java.base/jdk.internal.reflect.NativeMethodAccessorImpl.invoke(NativeMethodAccessorImpl.java:77)
at java.base/jdk.internal.reflect.DelegatingMethodAccessorImpl.invoke(DelegatingMethodAccessorImpl.java:43)
at java.base/java.lang.reflect.Method.invoke(Method.java:568)
at org.testng.internal.invokers.MethodInvocationHelper.invokeMethod(MethodInvocationHelper.java:139)
at org.testng.internal.invokers.TestInvoker.invokeMethod(TestInvoker.java:677)
at org.testng.internal.invokers.TestInvoker.invokeTestMethod(TestInvoker.java:221)
at org.testng.internal.invokers.MethodRunner.runInSequence(MethodRunner.java:50)
at org.testng.internal.invokers.TestInvoker$MethodInvocationAgent.invoke(TestInvoker.java:969)
at org.testng.internal.invokers.TestInvoker.invokeTestMethods(TestInvoker.java:194)
at org.testng.internal.invokers.TestMethodWorker.invokeTestMethods(TestMethodWorker.java:148)
at org.testng.internal.invokers.TestMethodWorker.run(TestMethodWorker.java:128)
at java.base/java.util.ArrayList.forEach(ArrayList.java:1511)
at org.testng.TestRunner.privateRun(TestRunner.java:829)
at org.testng.TestRunner.run(TestRunner.java:602)
at org.testng.SuiteRunner.runTest(SuiteRunner.java:437)
at org.testng.SuiteRunner.runSequentially(SuiteRunner.java:431)
at org.testng.SuiteRunner.privateRun(SuiteRunner.java:391)
at org.testng.SuiteRunner.run(SuiteRunner.java:330)
at org.testng.SuiteRunnerWorker.runSuite(SuiteRunnerWorker.java:52)
at org.testng.SuiteRunnerWorker.run(SuiteRunnerWorker.java:95)
at org.testng.TestNG.runSuitesSequentially(TestNG.java:1256)
at org.testng.TestNG.runSuitesLocally(TestNG.java:1176)
at org.testng.TestNG.runSuites(TestNG.java:1099)
at org.testng.TestNG.run(TestNG.java:1067)
at org.testng.remote.AbstractRemoteTestNG.run(AbstractRemoteTestNG.java:115)
at org.testng.remote.RemoteTestNG.initAndRun(RemoteTestNG.java:293)
at org.testng.remote.RemoteTestNG.main(RemoteTestNG.java:91)
]]>
    </failure>
  </testcase> <!-- verifyCartAfterRemovingProduct -->
  <system-out/>
  <testcase classname="testcases.CartTest" name="verifyCheckout">
    <skipped/>
  </testcase> <!-- verifyCheckout -->
  <system-out/>
  <testcase classname="testcases.CartTest" name="verifyContinueShoppingBtn">
    <skipped/>
  </testcase> <!-- verifyContinueShoppingBtn -->
  <system-out/>
  <testcase classname="testcases.CartTest" name="verifyApplicationUrl">
    <skipped/>
  </testcase> <!-- verifyApplicationUrl -->
  <system-out/>
  <testcase classname="testcases.CartTest" name="verifyResetAppMenu">
    <skipped/>
  </testcase> <!-- verifyResetAppMenu -->
  <system-out/>
  <testcase classname="testcases.CartTest" name="verifyApplicationTitle">
    <skipped/>
  </testcase> <!-- verifyApplicationTitle -->
  <system-out/>
  <testcase classname="testcases.CartTest" name="verifyAboutMenu">
    <skipped/>
  </testcase> <!-- verifyAboutMenu -->
  <system-out/>
  <testcase classname="testcases.CartTest" name="verifyAllItemsMenu">
    <skipped/>
  </testcase> <!-- verifyAllItemsMenu -->
  <system-out/>
  <testcase classname="testcases.CartTest" name="verifyLogoutMenu">
    <skipped/>
  </testcase> <!-- verifyLogoutMenu -->
  <system-out/>
</testsuite> <!-- testcases.CartTest -->
