<?xml version="1.0" encoding="UTF-8"?>
<!-- Generated by org.testng.reporters.JUnitReportReporter -->
<testsuite hostname="Soham" failures="0" tests="13" name="base.InventoryTest" time="13.984" errors="0" timestamp="2025-02-25T19:45:17 IST" skipped="9">
  <testcase classname="base.InventoryTest" name="verfifyAToZFilter" time="3.291"/>
  <system-out>
    <![CDATA[Sorted Product: [Sauce Labs Backpack, Sauce Labs Bike Light, Sauce Labs Bolt T-Shirt, Sauce Labs Fleece Jacket, Sauce Labs Onesie, Test.allTheThings() T-Shirt (Red)]]]>
  </system-out>
  <testcase classname="base.InventoryTest" name="verfifyLowToHighFilter" time="3.207"/>
  <system-out>
    <![CDATA[Sorted Product(Ascending): [7.99, 9.99, 15.99, 15.99, 29.99, 49.99]]]>
  </system-out>
  <testcase classname="base.InventoryTest" name="verfifyHighToLowFilter" time="3.147"/>
  <system-out>
    <![CDATA[Sorted Product(Descending): [49.99, 29.99, 15.99, 15.99, 9.99, 7.99]]]>
  </system-out>
  <testcase classname="base.InventoryTest" name="verfifyZToAFilter" time="4.339"/>
  <system-out>
    <![CDATA[Sorted Product: [Test.allTheThings() T-Shirt (Red), Sauce Labs Onesie, Sauce Labs Fleece Jacket, Sauce Labs Bolt T-Shirt, Sauce Labs Bike Light, Sauce Labs Backpack]]]>
  </system-out>
  <testcase classname="base.InventoryTest" name="addAll6ProductToCartTest">
    <skipped/>
  </testcase> <!-- addAll6ProductToCartTest -->
  <system-out/>
  <testcase classname="base.InventoryTest" name="verifyFacebookIconDisplayed">
    <skipped/>
  </testcase> <!-- verifyFacebookIconDisplayed -->
  <system-out/>
  <testcase classname="base.InventoryTest" name="verifyHeaderTitle">
    <skipped/>
  </testcase> <!-- verifyHeaderTitle -->
  <system-out/>
  <testcase classname="base.InventoryTest" name="testHamburgerMenu">
    <skipped/>
  </testcase> <!-- testHamburgerMenu -->
  <system-out/>
  <testcase classname="base.InventoryTest" name="verifyTitleOfApplicaton">
    <skipped/>
  </testcase> <!-- verifyTitleOfApplicaton -->
  <system-out/>
  <testcase classname="base.InventoryTest" name="verifyTwitterIconDisplayed">
    <skipped/>
  </testcase> <!-- verifyTwitterIconDisplayed -->
  <system-out/>
  <testcase classname="base.InventoryTest" name="verifyURLOfApplication">
    <skipped/>
  </testcase> <!-- verifyURLOfApplication -->
  <system-out/>
  <testcase classname="base.InventoryTest" name="verifyLinkedinIconDisplayed">
    <skipped/>
  </testcase> <!-- verifyLinkedinIconDisplayed -->
  <system-out/>
  <testcase classname="base.InventoryTest" name="add3ProductToCartTest">
    <skipped/>
  </testcase> <!-- add3ProductToCartTest -->
  <system-out/>
</testsuite> <!-- base.InventoryTest -->
