<?xml version="1.0" encoding="UTF-8"?>
<!-- Generated by org.testng.reporters.JUnitReportReporter -->
<testsuite hostname="Soham" failures="0" tests="3" name="base.InventoryTest" time="13.213" errors="0" timestamp="2025-02-24T01:23:48 IST" skipped="0">
  <testcase classname="base.InventoryTest" name="verifyURLOfApplication" time="3.031"/>
  <system-out/>
  <testcase classname="base.InventoryTest" name="verifyHeaderTitle" time="2.785"/>
  <system-out/>
  <testcase classname="base.InventoryTest" name="filterProductsAtoZ" time="7.397"/>
  <system-out/>
</testsuite> <!-- base.InventoryTest -->
