<?xml version="1.0" encoding="UTF-8"?>
<!-- Generated by org.testng.reporters.JUnitReportReporter -->
<testsuite hostname="Soham" failures="0" tests="14" name="testcases.InventoryTest" time="18.552" errors="0" timestamp="2025-02-27T21:43:49 IST" skipped="9">
  <testcase classname="testcases.InventoryTest" name="verfifyHighToLowFilter" time="3.514"/>
  <system-out>
    <![CDATA[Sorted Product(Descending): [49.99, 29.99, 15.99, 15.99, 9.99, 7.99]]]>
  </system-out>
  <testcase classname="testcases.InventoryTest" name="verfifyZToAFilter" time="3.262"/>
  <system-out>
    <![CDATA[Sorted Product: [Test.allTheThings() T-Shirt (Red), Sauce Labs Onesie, Sauce Labs Fleece Jacket, Sauce Labs Bolt T-Shirt, Sauce Labs Bike Light, Sauce Labs Backpack]]]>
  </system-out>
  <testcase classname="testcases.InventoryTest" name="verfifyLowToHighFilter" time="4.532"/>
  <system-out>
    <![CDATA[Sorted Product(Ascending): [7.99, 9.99, 15.99, 15.99, 29.99, 49.99]]]>
  </system-out>
  <testcase classname="testcases.InventoryTest" name="removefromcartTest" time="3.857"/>
  <system-out>
    <![CDATA[Total products added into the cart = 4]]>
  </system-out>
  <testcase classname="testcases.InventoryTest" name="verfifyAToZFilter" time="3.387"/>
  <system-out>
    <![CDATA[Sorted Product: [Sauce Labs Backpack, Sauce Labs Bike Light, Sauce Labs Bolt T-Shirt, Sauce Labs Fleece Jacket, Sauce Labs Onesie, Test.allTheThings() T-Shirt (Red)]]]>
  </system-out>
  <testcase classname="testcases.InventoryTest" name="verifyTitleOfApplicaton">
    <skipped/>
  </testcase> <!-- verifyTitleOfApplicaton -->
  <system-out/>
  <testcase classname="testcases.InventoryTest" name="verifyLinkedinIconDisplayed">
    <skipped/>
  </testcase> <!-- verifyLinkedinIconDisplayed -->
  <system-out/>
  <testcase classname="testcases.InventoryTest" name="add3ProductToCartTest">
    <skipped/>
  </testcase> <!-- add3ProductToCartTest -->
  <system-out/>
  <testcase classname="testcases.InventoryTest" name="verifyURLOfApplication">
    <skipped/>
  </testcase> <!-- verifyURLOfApplication -->
  <system-out/>
  <testcase classname="testcases.InventoryTest" name="addAll6ProductToCartTest">
    <skipped/>
  </testcase> <!-- addAll6ProductToCartTest -->
  <system-out/>
  <testcase classname="testcases.InventoryTest" name="verifyFacebookIconDisplayed">
    <skipped/>
  </testcase> <!-- verifyFacebookIconDisplayed -->
  <system-out/>
  <testcase classname="testcases.InventoryTest" name="verifyHeaderTitle">
    <skipped/>
  </testcase> <!-- verifyHeaderTitle -->
  <system-out/>
  <testcase classname="testcases.InventoryTest" name="verifyTwitterIconDisplayed">
    <skipped/>
  </testcase> <!-- verifyTwitterIconDisplayed -->
  <system-out/>
  <testcase classname="testcases.InventoryTest" name="testHamburgerMenu">
    <skipped/>
  </testcase> <!-- testHamburgerMenu -->
  <system-out/>
</testsuite> <!-- testcases.InventoryTest -->
