<?xml version="1.0" encoding="UTF-8"?>
<!-- Generated by org.testng.reporters.JUnitReportReporter -->
<testsuite hostname="Soham" failures="0" tests="3" name="testcases.LoginTest" time="9.725" errors="0" timestamp="2025-02-27T21:44:28 IST" skipped="0">
  <testcase classname="testcases.LoginTest" name="verifyURLOfApplication" time="2.719"/>
  <system-out/>
  <testcase classname="testcases.LoginTest" name="verifyTitleOfApplication" time="2.581"/>
  <system-out/>
  <testcase classname="testcases.LoginTest" name="logintoapplication" time="4.425"/>
  <system-out>
    <![CDATA[Login successful--https://www.saucedemo.com/inventory.html]]>
  </system-out>
</testsuite> <!-- testcases.LoginTest -->
