<?xml version="1.0" encoding="UTF-8"?>
<!-- Generated by org.testng.reporters.JUnitReportReporter -->
<testsuite hostname="Soham" failures="0" tests="3" name="base.LoginTest" time="33.834" errors="0" timestamp="2025-02-24T21:29:47 IST" skipped="0">
  <testcase classname="base.LoginTest" name="logintoapplication" time="24.600"/>
  <system-out>
    <![CDATA[Login successful--https://www.saucedemo.com/inventory.html]]>
  </system-out>
  <testcase classname="base.LoginTest" name="verifyURLOfApplication" time="4.036"/>
  <system-out/>
  <testcase classname="base.LoginTest" name="verifyTitleOfApplication" time="5.198"/>
  <system-out/>
</testsuite> <!-- base.LoginTest -->
