<?xml version="1.0" encoding="UTF-8"?>
<!-- Generated by org.testng.reporters.JUnitReportReporter -->
<testsuite hostname="Soham" failures="0" tests="3" name="base.LoginTest" time="10.154" errors="0" timestamp="2025-02-24T01:07:19 IST" skipped="0">
  <testcase classname="base.LoginTest" name="logintoapplication" time="2.979"/>
  <system-out>
    <![CDATA[Login successful--https://www.saucedemo.com/inventory.html]]>
  </system-out>
  <testcase classname="base.LoginTest" name="verifyTitleOfApplication" time="4.508"/>
  <system-out/>
  <testcase classname="base.LoginTest" name="verifyURLOfApplication" time="2.667"/>
  <system-out/>
</testsuite> <!-- base.LoginTest -->
