<?xml version="1.0" encoding="UTF-8"?>
<!-- Generated by org.testng.reporters.JUnitReportReporter -->
<testsuite hostname="Soham" failures="0" tests="4" name="testcases.CartTest" time="12.095" errors="0" timestamp="2025-02-28T18:16:48 IST" skipped="3">
  <testcase classname="testcases.CartTest" name="verifyContinueShoppingBtn" time="12.095"/>
  <system-out>
    <![CDATA[Continue shpooing button working as expected]]>
  </system-out>
  <testcase classname="testcases.CartTest" name="verifyCheckout">
    <skipped/>
  </testcase> <!-- verifyCheckout -->
  <system-out/>
  <testcase classname="testcases.CartTest" name="verifyApplicationTitle">
    <skipped/>
  </testcase> <!-- verifyApplicationTitle -->
  <system-out/>
  <testcase classname="testcases.CartTest" name="verifyApplicationUrl">
    <skipped/>
  </testcase> <!-- verifyApplicationUrl -->
  <system-out/>
</testsuite> <!-- testcases.CartTest -->
